<?xml version="1.0" encoding="UTF-8"?>
<!-- Generated by org.testng.reporters.JUnitReportReporter -->
<testsuite hostname="Srianshu" failures="0" tests="3" name="practice.selenium.ParallelExec_Without_SuiteXml" time="18.452" errors="0" timestamp="2024-10-05T18:36:27 IST" skipped="0">
  <testcase classname="practice.selenium.ParallelExec_Without_SuiteXml" name="newTest" time="6.729"/>
  <testcase classname="practice.selenium.ParallelExec_Without_SuiteXml" name="newTest" time="6.982"/>
  <testcase classname="practice.selenium.ParallelExec_Without_SuiteXml" name="newTest" time="4.741"/>
</testsuite> <!-- practice.selenium.ParallelExec_Without_SuiteXml -->
