<?xml version="1.0" encoding="UTF-8"?>
<!-- Generated by org.testng.reporters.JUnitReportReporter -->
<testsuite hostname="Srianshu" failures="0" tests="3" name="practice.testng.ContactwithPriorityTest" time="0.027" errors="0" timestamp="2024-09-13T10:59:20 IST" skipped="0">
  <testcase classname="practice.testng.ContactwithPriorityTest" name="createContactTest" time="0.018"/>
  <testcase classname="practice.testng.ContactwithPriorityTest" name="modifyContactTest" time="0.003"/>
  <testcase classname="practice.testng.ContactwithPriorityTest" name="deleteContactTest" time="0.006"/>
</testsuite> <!-- practice.testng.ContactwithPriorityTest -->
