<?xml version="1.0" encoding="UTF-8"?>
<!-- Generated by org.testng.reporters.JUnitReportReporter -->
<testsuite hostname="Srianshu" failures="0" tests="2" name="com.crm.comcast.contacttest.CreateContactTest" time="0.021" errors="0" timestamp="2024-09-13T21:57:00 IST" skipped="0">
  <testcase classname="com.crm.comcast.contacttest.CreateContactTest" name="createContactwithDateTest" time="0.006"/>
  <testcase classname="com.crm.comcast.contacttest.CreateContactTest" name="createContactTest" time="0.015"/>
</testsuite> <!-- com.crm.comcast.contacttest.CreateContactTest -->
