<?xml version="1.0" encoding="UTF-8"?>
<!-- Generated by org.testng.reporters.JUnitReportReporter -->
<testsuite hostname="Srianshu" failures="0" tests="3" name="practice.testng.NewTest" time="0.028" errors="0" timestamp="2024-09-19T11:25:19 IST" skipped="0">
  <testcase classname="practice.testng.NewTest" name="new1" time="0.017"/>
  <testcase classname="practice.testng.NewTest" name="new3" time="0.004"/>
  <testcase classname="practice.testng.NewTest" name="new2" time="0.007"/>
</testsuite> <!-- practice.testng.NewTest -->
