<?xml version="1.0" encoding="UTF-8"?>
<!-- Generated by org.testng.reporters.JUnitReportReporter -->
<testsuite hostname="Srianshu" failures="0" tests="2" name="practice.testng.AnnotationPractice" time="0.031" errors="0" timestamp="2024-09-17T15:42:42 IST" skipped="0">
  <testcase classname="practice.testng.AnnotationPractice" name="method2" time="0.012"/>
  <testcase classname="practice.testng.AnnotationPractice" name="method1" time="0.019"/>
</testsuite> <!-- practice.testng.AnnotationPractice -->
