<?xml version="1.0" encoding="UTF-8"?>
<!-- Generated by org.testng.reporters.JUnitReportReporter -->
<testsuite hostname="Srianshu" failures="0" tests="11" name="practice.testng.OrderTest2" time="0.053" errors="0" timestamp="2024-09-13T11:24:04 IST" skipped="1">
  <testcase classname="practice.testng.OrderTest2" name="createOrderTest" time="0.002"/>
  <testcase classname="practice.testng.OrderTest2" name="createOrderTest" time="0.002"/>
  <testcase classname="practice.testng.OrderTest2" name="createOrderTest" time="0.030"/>
  <testcase classname="practice.testng.OrderTest2" name="createOrderTest" time="0.003"/>
  <testcase classname="practice.testng.OrderTest2" name="createOrderTest" time="0.003"/>
  <testcase classname="practice.testng.OrderTest2" name="createOrderTest" time="0.003"/>
  <testcase classname="practice.testng.OrderTest2" name="createOrderTest" time="0.003"/>
  <testcase classname="practice.testng.OrderTest2" name="createOrderTest" time="0.003"/>
  <testcase classname="practice.testng.OrderTest2" name="createOrderTest" time="0.002"/>
  <testcase classname="practice.testng.OrderTest2" name="createOrderTest" time="0.002"/>
  <testcase classname="practice.testng.OrderTest2" name="createOrderTest2">
    <skipped/>
  </testcase> <!-- createOrderTest2 -->
</testsuite> <!-- practice.testng.OrderTest2 -->
