<?xml version="1.0" encoding="UTF-8"?>
<!-- Generated by org.testng.reporters.JUnitReportReporter -->
<testsuite hostname="Srianshu" failures="0" tests="3" name="practice.testng.CreateContact_DP_Test2" time="0.037" errors="0" timestamp="2024-09-13T11:38:05 IST" skipped="0">
  <testcase classname="practice.testng.CreateContact_DP_Test2" name="createContact" time="0.030"/>
  <testcase classname="practice.testng.CreateContact_DP_Test2" name="createContact" time="0.004"/>
  <testcase classname="practice.testng.CreateContact_DP_Test2" name="createContact" time="0.003"/>
</testsuite> <!-- practice.testng.CreateContact_DP_Test2 -->
