<?xml version="1.0" encoding="UTF-8"?>
<!-- Generated by org.testng.reporters.JUnitReportReporter -->
<testsuite hostname="Srianshu" failures="0" tests="1" name="practice.datadriventesting.ReadDataFromTestNGXmlTest" time="0.012" errors="0" timestamp="2024-09-25T10:45:29 IST" skipped="0">
  <testcase classname="practice.datadriventesting.ReadDataFromTestNGXmlTest" name="sampleTest" time="0.012"/>
</testsuite> <!-- practice.datadriventesting.ReadDataFromTestNGXmlTest -->
