<?xml version="1.0" encoding="UTF-8"?>
<!-- Generated by org.testng.reporters.JUnitReportReporter -->
<testsuite hostname="Srianshu" failures="0" tests="3" name="practice.testng.CreateContact_DP_Test" time="0.033" errors="0" timestamp="2024-09-13T11:34:08 IST" skipped="0">
  <testcase classname="practice.testng.CreateContact_DP_Test" name="createContact" time="0.026"/>
  <testcase classname="practice.testng.CreateContact_DP_Test" name="createContact" time="0.003"/>
  <testcase classname="practice.testng.CreateContact_DP_Test" name="createContact" time="0.004"/>
</testsuite> <!-- practice.testng.CreateContact_DP_Test -->
