<?xml version="1.0" encoding="UTF-8"?>
<!-- Generated by org.testng.reporters.JUnitReportReporter -->
<testsuite hostname="Srianshu" failures="0" tests="3" name="practice.testng.SampleReportTest" time="0.031" errors="0" timestamp="2024-09-24T14:40:47 IST" skipped="0">
  <testcase classname="practice.testng.SampleReportTest" name="createContactwithOrgTest" time="0.003"/>
  <testcase classname="practice.testng.SampleReportTest" name="createContactwithPhTest" time="0.003"/>
  <testcase classname="practice.testng.SampleReportTest" name="createContactTest" time="0.025"/>
</testsuite> <!-- practice.testng.SampleReportTest -->
