<?xml version="1.0" encoding="UTF-8"?>
<!-- Generated by org.testng.reporters.JUnitReportReporter -->
<testsuite hostname="Srianshu" failures="0" tests="3" name="practice.testng.PracticeTest" time="0.029" errors="0" timestamp="2024-09-19T11:25:19 IST" skipped="0">
  <testcase classname="practice.testng.PracticeTest" name="practice2" time="0.005"/>
  <testcase classname="practice.testng.PracticeTest" name="practice3" time="0.005"/>
  <testcase classname="practice.testng.PracticeTest" name="practice1" time="0.019"/>
</testsuite> <!-- practice.testng.PracticeTest -->
