<?xml version="1.0" encoding="UTF-8"?>
<!-- Generated by org.testng.reporters.JUnitReportReporter -->
<testsuite hostname="Srianshu" failures="0" tests="1" name="practice.testng.AAAA" time="0.016" errors="0" timestamp="2024-09-17T15:42:42 IST" skipped="0">
  <testcase classname="practice.testng.AAAA" name="method4" time="0.016"/>
</testsuite> <!-- practice.testng.AAAA -->
