<?xml version="1.0" encoding="UTF-8"?>
<!-- Generated by org.testng.reporters.JUnitReportReporter -->
<testsuite hostname="Srianshu" failures="0" tests="3" name="practice.testng.DevTest" time="0.039" errors="0" timestamp="2024-09-19T11:25:19 IST" skipped="0">
  <testcase classname="practice.testng.DevTest" name="dev2" time="0.009"/>
  <testcase classname="practice.testng.DevTest" name="dev1" time="0.023"/>
  <testcase classname="practice.testng.DevTest" name="dev3" time="0.007"/>
</testsuite> <!-- practice.testng.DevTest -->
