<?xml version="1.0" encoding="UTF-8"?>
<!-- Generated by org.testng.reporters.JUnitReportReporter -->
<testsuite hostname="Srianshu" failures="0" tests="2" name="practice.annotations.ContactTest" time="0.024" errors="0" timestamp="2024-09-13T15:44:55 IST" skipped="0">
  <testcase classname="practice.annotations.ContactTest" name="createContactwithDateTest" time="0.006"/>
  <testcase classname="practice.annotations.ContactTest" name="createContactTest" time="0.018"/>
</testsuite> <!-- practice.annotations.ContactTest -->
