<?xml version="1.0" encoding="UTF-8"?>
<!-- Generated by org.testng.reporters.JUnitReportReporter -->
<testsuite hostname="Srianshu" failures="0" tests="4" name="practice.testng.GetProductInfo" time="26.070" errors="0" timestamp="2024-09-13T13:06:43 IST" skipped="0">
  <testcase classname="practice.testng.GetProductInfo" name="getProductInfoTest" time="7.546"/>
  <testcase classname="practice.testng.GetProductInfo" name="getProductInfoTest" time="6.395"/>
  <testcase classname="practice.testng.GetProductInfo" name="getProductInfoTest" time="5.993"/>
  <testcase classname="practice.testng.GetProductInfo" name="getProductInfoTest" time="6.136"/>
</testsuite> <!-- practice.testng.GetProductInfo -->
