<?xml version="1.0" encoding="UTF-8"?>
<!-- Generated by org.testng.reporters.JUnitReportReporter -->
<testsuite hostname="Srianshu" failures="0" tests="1" name="practice.datadriventesting.CreateOrgTest" time="21.362" errors="0" timestamp="2024-09-25T10:44:59 IST" skipped="0">
  <testcase classname="practice.datadriventesting.CreateOrgTest" name="createOrgTest" time="21.362"/>
</testsuite> <!-- practice.datadriventesting.CreateOrgTest -->
