<?xml version="1.0" encoding="UTF-8"?>
<!-- Generated by org.testng.reporters.JUnitReportReporter -->
<testsuite hostname="Srianshu" failures="0" tests="1" name="practice.pom.repository.SampleTestWithPOM" time="4.879" errors="0" timestamp="2024-09-10T10:36:52 IST" skipped="0">
  <testcase classname="practice.pom.repository.SampleTestWithPOM" name="sampleTest" time="4.879"/>
</testsuite> <!-- practice.pom.repository.SampleTestWithPOM -->
