<?xml version="1.0" encoding="UTF-8"?>
<!-- Generated by org.testng.reporters.JUnitReportReporter -->
<testsuite hostname="Srianshu" failures="0" tests="2" name="practice.testng.Practice2" time="0.026" errors="0" timestamp="2024-09-17T15:42:42 IST" skipped="0">
  <testcase classname="practice.testng.Practice2" name="method3" time="0.014"/>
  <testcase classname="practice.testng.Practice2" name="method4" time="0.012"/>
</testsuite> <!-- practice.testng.Practice2 -->
