<?xml version="1.0" encoding="UTF-8"?>
<!-- Generated by org.testng.reporters.JUnitReportReporter -->
<testsuite hostname="Srianshu" failures="0" tests="1" name="practice.datadriventesting.ReadRuntimeMavenParameterTest" time="0.012" errors="0" timestamp="2024-09-25T10:58:54 IST" skipped="0">
  <testcase classname="practice.datadriventesting.ReadRuntimeMavenParameterTest" name="runtimeParameterTest" time="0.012"/>
</testsuite> <!-- practice.datadriventesting.ReadRuntimeMavenParameterTest -->
