<?xml version="1.0" encoding="UTF-8"?>
<!-- Generated by org.testng.reporters.JUnitReportReporter -->
<testsuite hostname="Srianshu" failures="0" tests="2" name="com.crm.comcast.orgtest.CreateOrgTest" time="0.009" errors="0" timestamp="2024-09-13T21:57:00 IST" skipped="0">
  <testcase classname="com.crm.comcast.orgtest.CreateOrgTest" name="createOrgwithIndustryTest" time="0.004"/>
  <testcase classname="com.crm.comcast.orgtest.CreateOrgTest" name="createOrgTest" time="0.005"/>
</testsuite> <!-- com.crm.comcast.orgtest.CreateOrgTest -->
