<?xml version="1.0" encoding="UTF-8"?>
<!-- Generated by org.testng.reporters.JUnitReportReporter -->
<testsuite hostname="Srianshu" failures="0" tests="1" name="practice.testng.SampleTest" time="0.033" errors="0" timestamp="2024-09-13T10:50:01 IST" skipped="0">
  <testcase classname="practice.testng.SampleTest" name="test2" time="0.033"/>
</testsuite> <!-- practice.testng.SampleTest -->
